[Paso 6] Iniciando Generación de Reportes...
[Paso 6] Generando Reportes...
  1/4 Cargando Atlas... (RAM: 17.8%)
  -> Normalizando tipos de datos a String (Prevención de Buffer Crash)...
  2/4 Exportando CSV Maestro (Grande)... (RAM: 83.6%)
    -> Iniciando exportación de 5,729,314 filas en 115 lotes...
      [0%] Guardado lote 1/115 (filas 0-50000) (RAM: 84.4%)
      [1%] Guardado lote 2/115 (filas 50000-100000) (RAM: 84.9%)
      [2%] Guardado lote 3/115 (filas 100000-150000) (RAM: 85.6%)
      [3%] Guardado lote 4/115 (filas 150000-200000) (RAM: 86.2%)
      [4%] Guardado lote 5/115 (filas 200000-250000) (RAM: 86.6%)
      [5%] Guardado lote 6/115 (filas 250000-300000) (RAM: 87.3%)
      [6%] Guardado lote 7/115 (filas 300000-350000) (RAM: 87.6%)
      [6%] Guardado lote 8/115 (filas 350000-400000) (RAM: 88.2%)
      [7%] Guardado lote 9/115 (filas 400000-450000) (RAM: 88.6%)
      [8%] Guardado lote 10/115 (filas 450000-500000) (RAM: 89.2%)
      [9%] Guardado lote 11/115 (filas 500000-550000) (RAM: 89.7%)
      [10%] Guardado lote 12/115 (filas 550000-600000) (RAM: 90.2%)
      [11%] Guardado lote 13/115 (filas 600000-650000) (RAM: 91.0%)
      [12%] Guardado lote 14/115 (filas 650000-700000) (RAM: 90.9%)
      [13%] Guardado lote 15/115 (filas 700000-750000) (RAM: 90.8%)
      [13%] Guardado lote 16/115 (filas 750000-800000) (RAM: 91.4%)
      [14%] Guardado lote 17/115 (filas 800000-850000) (RAM: 91.4%)
      [15%] Guardado lote 18/115 (filas 850000-900000) (RAM: 92.1%)
      [16%] Guardado lote 19/115 (filas 900000-950000) (RAM: 92.1%)
      [17%] Guardado lote 20/115 (filas 950000-1000000) (RAM: 92.3%)
      [18%] Guardado lote 21/115 (filas 1000000-1050000) (RAM: 92.5%)
      [19%] Guardado lote 22/115 (filas 1050000-1100000) (RAM: 92.5%)
      [20%] Guardado lote 23/115 (filas 1100000-1150000) (RAM: 92.7%)
      [20%] Guardado lote 24/115 (filas 1150000-1200000) (RAM: 93.2%)
      [21%] Guardado lote 25/115 (filas 1200000-1250000) (RAM: 93.2%)
      [22%] Guardado lote 26/115 (filas 1250000-1300000) (RAM: 93.3%)
      [23%] Guardado lote 27/115 (filas 1300000-1350000) (RAM: 94.0%)
      [24%] Guardado lote 28/115 (filas 1350000-1400000) (RAM: 93.9%)
      [25%] Guardado lote 29/115 (filas 1400000-1450000) (RAM: 94.0%)
      [26%] Guardado lote 30/115 (filas 1450000-1500000) (RAM: 94.5%)
      [27%] Guardado lote 31/115 (filas 1500000-1550000) (RAM: 94.5%)
      [27%] Guardado lote 32/115 (filas 1550000-1600000) (RAM: 94.6%)
      [28%] Guardado lote 33/115 (filas 1600000-1650000) (RAM: 94.8%)
      [29%] Guardado lote 34/115 (filas 1650000-1700000) (RAM: 95.3%)
      [30%] Guardado lote 35/115 (filas 1700000-1750000) (RAM: 95.4%)
      [31%] Guardado lote 36/115 (filas 1750000-1800000) (RAM: 95.5%)
      [32%] Guardado lote 37/115 (filas 1800000-1850000) (RAM: 95.9%)
      [33%] Guardado lote 38/115 (filas 1850000-1900000) (RAM: 96.2%)
      [34%] Guardado lote 39/115 (filas 1900000-1950000) (RAM: 96.4%)
      [34%] Guardado lote 40/115 (filas 1950000-2000000) (RAM: 96.7%)
      [35%] Guardado lote 41/115 (filas 2000000-2050000) (RAM: 96.9%)
      [36%] Guardado lote 42/115 (filas 2050000-2100000) (RAM: 97.2%)
      [37%] Guardado lote 43/115 (filas 2100000-2150000) (RAM: 97.4%)
      [38%] Guardado lote 44/115 (filas 2150000-2200000) (RAM: 97.4%)
      [39%] Guardado lote 45/115 (filas 2200000-2250000) (RAM: 97.5%)
      [40%] Guardado lote 46/115 (filas 2250000-2300000) (RAM: 98.2%)
      [41%] Guardado lote 47/115 (filas 2300000-2350000) (RAM: 97.9%)
      [41%] Guardado lote 48/115 (filas 2350000-2400000) (RAM: 98.3%)
      [42%] Guardado lote 49/115 (filas 2400000-2450000) (RAM: 98.5%)
      [43%] Guardado lote 50/115 (filas 2450000-2500000) (RAM: 98.6%)
      [44%] Guardado lote 51/115 (filas 2500000-2550000) (RAM: 98.9%)
      [45%] Guardado lote 52/115 (filas 2550000-2600000) (RAM: 98.9%)
      [46%] Guardado lote 53/115 (filas 2600000-2650000) (RAM: 99.0%)
      [47%] Guardado lote 54/115 (filas 2650000-2700000) (RAM: 99.2%)
      [47%] Guardado lote 55/115 (filas 2700000-2750000) (RAM: 99.0%)
      [48%] Guardado lote 56/115 (filas 2750000-2800000) (RAM: 99.4%)
      [49%] Guardado lote 57/115 (filas 2800000-2850000) (RAM: 99.2%)
      [50%] Guardado lote 58/115 (filas 2850000-2900000) (RAM: 99.2%)
      [51%] Guardado lote 59/115 (filas 2900000-2950000) (RAM: 98.7%)
      [52%] Guardado lote 60/115 (filas 2950000-3000000) (RAM: 98.6%)
      [53%] Guardado lote 61/115 (filas 3000000-3050000) (RAM: 99.1%)
      [54%] Guardado lote 62/115 (filas 3050000-3100000) (RAM: 99.0%)
      [54%] Guardado lote 63/115 (filas 3100000-3150000) (RAM: 98.8%)
      [55%] Guardado lote 64/115 (filas 3150000-3200000) (RAM: 98.9%)
      [56%] Guardado lote 65/115 (filas 3200000-3250000) (RAM: 98.6%)
      [57%] Guardado lote 66/115 (filas 3250000-3300000) (RAM: 98.6%)
      [58%] Guardado lote 67/115 (filas 3300000-3350000) (RAM: 98.5%)
      [59%] Guardado lote 68/115 (filas 3350000-3400000) (RAM: 98.3%)
      [60%] Guardado lote 69/115 (filas 3400000-3450000) (RAM: 98.9%)
      [61%] Guardado lote 70/115 (filas 3450000-3500000) (RAM: 98.8%)
      [61%] Guardado lote 71/115 (filas 3500000-3550000) (RAM: 99.2%)
      [62%] Guardado lote 72/115 (filas 3550000-3600000) (RAM: 99.1%)
      [63%] Guardado lote 73/115 (filas 3600000-3650000) (RAM: 98.9%)
      [64%] Guardado lote 74/115 (filas 3650000-3700000) (RAM: 99.1%)
      [65%] Guardado lote 75/115 (filas 3700000-3750000) (RAM: 99.0%)
      [66%] Guardado lote 76/115 (filas 3750000-3800000) (RAM: 98.7%)
      [67%] Guardado lote 77/115 (filas 3800000-3850000) (RAM: 99.1%)
      [68%] Guardado lote 78/115 (filas 3850000-3900000) (RAM: 99.1%)
      [68%] Guardado lote 79/115 (filas 3900000-3950000) (RAM: 98.8%)
      [69%] Guardado lote 80/115 (filas 3950000-4000000) (RAM: 97.8%)
      [70%] Guardado lote 81/115 (filas 4000000-4050000) (RAM: 97.2%)
      [71%] Guardado lote 82/115 (filas 4050000-4100000) (RAM: 95.4%)
      [72%] Guardado lote 83/115 (filas 4100000-4150000) (RAM: 96.4%)
      [73%] Guardado lote 84/115 (filas 4150000-4200000) (RAM: 97.1%)
      [74%] Guardado lote 85/115 (filas 4200000-4250000) (RAM: 97.3%)
      [75%] Guardado lote 86/115 (filas 4250000-4300000) (RAM: 98.0%)
      [75%] Guardado lote 87/115 (filas 4300000-4350000) (RAM: 98.3%)
      [76%] Guardado lote 88/115 (filas 4350000-4400000) (RAM: 98.8%)
      [77%] Guardado lote 89/115 (filas 4400000-4450000) (RAM: 98.9%)
      [78%] Guardado lote 90/115 (filas 4450000-4500000) (RAM: 98.2%)
      [79%] Guardado lote 91/115 (filas 4500000-4550000) (RAM: 98.6%)
      [80%] Guardado lote 92/115 (filas 4550000-4600000) (RAM: 91.9%)
      [81%] Guardado lote 93/115 (filas 4600000-4650000) (RAM: 90.7%)
      [82%] Guardado lote 94/115 (filas 4650000-4700000) (RAM: 91.1%)
      [82%] Guardado lote 95/115 (filas 4700000-4750000) (RAM: 91.7%)
      [83%] Guardado lote 96/115 (filas 4750000-4800000) (RAM: 92.0%)
      [84%] Guardado lote 97/115 (filas 4800000-4850000) (RAM: 92.3%)
      [85%] Guardado lote 98/115 (filas 4850000-4900000) (RAM: 92.7%)
      [86%] Guardado lote 99/115 (filas 4900000-4950000) (RAM: 93.6%)
      [87%] Guardado lote 100/115 (filas 4950000-5000000) (RAM: 93.9%)
      [88%] Guardado lote 101/115 (filas 5000000-5050000) (RAM: 94.2%)
      [89%] Guardado lote 102/115 (filas 5050000-5100000) (RAM: 94.6%)
      [89%] Guardado lote 103/115 (filas 5100000-5150000) (RAM: 94.9%)
      [90%] Guardado lote 104/115 (filas 5150000-5200000) (RAM: 95.3%)
      [91%] Guardado lote 105/115 (filas 5200000-5250000) (RAM: 96.0%)
      [92%] Guardado lote 106/115 (filas 5250000-5300000) (RAM: 96.4%)
      [93%] Guardado lote 107/115 (filas 5300000-5350000) (RAM: 96.8%)
      [94%] Guardado lote 108/115 (filas 5350000-5400000) (RAM: 97.1%)
      [95%] Guardado lote 109/115 (filas 5400000-5450000) (RAM: 97.4%)
      [95%] Guardado lote 110/115 (filas 5450000-5500000) (RAM: 97.8%)
      [96%] Guardado lote 111/115 (filas 5500000-5550000) (RAM: 98.1%)
      [97%] Guardado lote 112/115 (filas 5550000-5600000) (RAM: 98.3%)
      [98%] Guardado lote 113/115 (filas 5600000-5650000) (RAM: 98.8%)
      [99%] Guardado lote 114/115 (filas 5650000-5700000) (RAM: 99.0%)
      [100%] Guardado lote 115/115 (filas 5700000-5729314) (RAM: 99.0%)
    ✅ ¡CSV Maestro Terminado!
  3/4 Generando Excels Jurisdiccionales... (RAM: 99.0%)
    -> . Rosario (Vacío)
    -> . Mendoza (Vacío)
    -> . Salta (Vacío)
  4/4 Generando Consolidado Implementadas... (RAM: 98.8%)
--- [Paso 6] FINALIZADO. 1 archivos generados. ---
