[15:55:56] [Paso 5] Iniciando...
[15:55:56] [Paso 5] Consistencia y Jerarquías (Acusatorio)...
[15:55:56]   1/4 Cargando datos del Paso 4 (Personas) y Atlas (Paso 3)...

[CRASH] 'EstadoInforme'
Traceback (most recent call last):
  File "C:\Users\Shilman\.conda\envs\pyetl\Lib\site-packages\pandas\core\indexes\base.py", line 3812, in get_loc
    return self._engine.get_loc(casted_key)
           ^^^^^^^^^^^^^^^^^^^^^^^^^^^^^^^^
  File "pandas/_libs/index.pyx", line 167, in pandas._libs.index.IndexEngine.get_loc
  File "pandas/_libs/index.pyx", line 196, in pandas._libs.index.IndexEngine.get_loc
  File "pandas/_libs/hashtable_class_helper.pxi", line 7088, in pandas._libs.hashtable.PyObjectHashTable.get_item
  File "pandas/_libs/hashtable_class_helper.pxi", line 7096, in pandas._libs.hashtable.PyObjectHashTable.get_item
KeyError: 'EstadoInforme'

The above exception was the direct cause of the following exception:

Traceback (most recent call last):
  File "C:\Users\Shilman\Codigo\PYETL\pyetl\step_5_apply_consistency.py", line 225, in <module>
    run_step_5_main()
  File "C:\Users\Shilman\Codigo\PYETL\pyetl\step_5_apply_consistency.py", line 133, in run_step_5_main
    df_resto['EstadoInformeConsistencia'] = df_resto['EstadoInforme']
                                            ~~~~~~~~^^^^^^^^^^^^^^^^^
  File "C:\Users\Shilman\.conda\envs\pyetl\Lib\site-packages\pandas\core\frame.py", line 4113, in __getitem__
    indexer = self.columns.get_loc(key)
              ^^^^^^^^^^^^^^^^^^^^^^^^^
  File "C:\Users\Shilman\.conda\envs\pyetl\Lib\site-packages\pandas\core\indexes\base.py", line 3819, in get_loc
    raise KeyError(key) from err
KeyError: 'EstadoInforme'

